Arguments: 
  /Users/johndagostino/.nvm/versions/node/v10.17.0/bin/node /usr/local/Cellar/yarn/1.19.2/libexec/bin/yarn.js build

PATH: 
  /Users/johndagostino/.pyenv/shims:/Users/johndagostino/.pyenv/bin:/usr/local/Cellar/pyenv-virtualenv/1.1.3/shims:/Users/johndagostino/.cargo/bin:/Users/johndagostino/.rbenv/shims:/Users/johndagostino/.nvm/versions/node/v10.17.0/bin:/Users/johndagostino/.rbenv/shims:/Users/johndagostino/.cargo/bin:/usr/local/bin:/usr/bin:/bin:/usr/sbin:/sbin:/Library/Apple/usr/bin:/Library/Apple/bin:/Users/johndagostino/golang/bin:/usr/local/opt/go/libexec/bin:/Users/johndagostino/.bin/:/Users/johndagostino/.linkerd2/bin

Yarn version: 
  1.19.2

Node version: 
  10.17.0

Platform: 
  darwin x64

Trace: 
  SyntaxError: /Users/johndagostino/Code/spreedly/package.json: Unexpected token } in JSON at position 599
      at JSON.parse (<anonymous>)
      at /usr/local/Cellar/yarn/1.19.2/libexec/lib/cli.js:1625:59
      at Generator.next (<anonymous>)
      at step (/usr/local/Cellar/yarn/1.19.2/libexec/lib/cli.js:304:30)
      at /usr/local/Cellar/yarn/1.19.2/libexec/lib/cli.js:315:13

npm manifest: 
  {
    "name": "spreedly",
    "version": "0.0.1",
    "description": "spreedly api client",
    "main": "build/index.js",
    "devDependencies": {
      "typescript": "^3.7.3"
    },
     "scripts": {
      "build": "tsc",
      "prepublish": "yarn run build"
    },
    "repository": {
      "type": "git",
      "url": "git+https://github.com/ordermentum/spreedly.git"
    },
    "author": "John D'Agostino",
    "license": "Apache-2.0",
    "bugs": {
      "url": "https://github.com/ordermentum/spreedly/issues"
    },
    "homepage": "https://github.com/ordermentum/spreedly#readme",
    "keywords": [
      "spreedly",
      "payments"
    ],
  }

yarn manifest: 
  No manifest

Lockfile: 
  # THIS IS AN AUTOGENERATED FILE. DO NOT EDIT THIS FILE DIRECTLY.
  # yarn lockfile v1
  
  
  typescript@^3.7.3:
    version "3.7.3"
    resolved "https://registry.yarnpkg.com/typescript/-/typescript-3.7.3.tgz#b36840668a16458a7025b9eabfad11b66ab85c69"
    integrity sha512-Mcr/Qk7hXqFBXMN7p7Lusj1ktCBydylfQM/FZCk5glCNQJrCUKPkMHdo9R0MTFWsC/4kPFvDS0fDPvukfCkFsw==
